Arguments: 
  /usr/local/bin/node /usr/local/bin/yarn add puppeteer-core

PATH: 
  /opt/homebrew/bin:/Library/Frameworks/Python.framework/Versions/3.7/bin:/Library/Frameworks/Python.framework/Versions/3.9/bin:/usr/local/bin:/usr/bin:/bin:/usr/sbin:/sbin

Yarn version: 
  1.22.10

Node version: 
  14.15.1

Platform: 
  darwin x64

Trace: 
  Error: ENOENT: no such file or directory, copyfile '/Users/dragon/Library/Caches/Yarn/v6/npm-ms-2.0.0-5608aeadfc00be6c2901df5f9861788de0d597c8-integrity/node_modules/ms/license.md' -> '/Users/dragon/Documents/GitHub/miss/node_modules/mquery/node_modules/ms/license.md'

npm manifest: 
  {
    "name": "test",
    "version": "0.0.0",
    "private": true,
    "scripts": {
      "start": "nodemon app.js",
      "lib": "apidoc -i lib -o public/apidoc"
    },
    "dependencies": {
      "ali-oss": "^6.11.2",
      "baidu-aip-sdk": "^2.4.6",
      "busboy": "^0.3.1",
      "formidable": "^1.2.1",
      "fs-extra": "^9.0.1",
      "got": "^11.8.0",
      "jsonwebtoken": "^8.5.1",
      "koa": "^2.5.1",
      "koa-body": "^4.2.0",
      "koa-bodyparser": "^4.3.0",
      "koa-logger": "^3.2.1",
      "koa-router": "^10.0.0",
      "koa-send": "^5.0.0",
      "koa-session": "^6.1.0",
      "koa-static": "^5.0.0",
      "koa2-cors": "^2.0.5",
      "koa2-request": "^1.0.4",
      "moment": "^2.22.2",
      "mongoose": "^5.4.22",
      "qcloudsms_js": "^0.1.0",
      "socket.io": "^3.0.3",
      "ssh2": "^0.8.9",
      "superagent": "^6.1.0",
      "tenpay": "^2.1.6",
      "ws": "^7.4.0"
    }
  }

yarn manifest: 
  No manifest

Lockfile: 
  No lockfile
